2 [127685836113792] INFO perfrun.launcher <> - Launcher main begin
3 [127685836113792] INFO perfrun.launcher <> - MessageCatalogInit finished
3 [127685836113792] INFO perfrun.launcher <> - Launcher instance created
3 [127685836113792] INFO perfrun.launcher <> - argc = 7; cmdline = /opt/intel/oneapi/vtune/2025.7/bin64/amplxe-runss --ui-output-format xml --ui-output-fd 10 --option-file /home/liuxueer/projects/my-MPI-project/code2_4_1/vtune_result_P10_Hotspots.LAPTOP-151G032O/config/runss.options.9 
54 [127685836113792] INFO perfrun.perfcollector <> - SEP tool path: /opt/intel/oneapi/vtune/2025.7/bin64/sep
77 [127685836113792] INFO perfrun.launcher <> - create msngr2::ICliToolContext
77 [127685836113792] INFO perfrun.launcher <> - create file finder object
78 [127685836113792] INFO perfrun.launcher <> - create a result directory: pattern = /home/liuxueer/projects/my-MPI-project/code2_4_1/vtune_result_P10_Hotspots.LAPTOP-151G032O pid = 4294967295
78 [127685836113792] INFO perfrun.sdk <> - checked that the directory /home/liuxueer/projects/my-MPI-project/code2_4_1/vtune_result_P10_Hotspots.LAPTOP-151G032O is a local directory
78 [127685836113792] INFO perfrun.sdk <> - the directory /home/liuxueer/projects/my-MPI-project/code2_4_1/vtune_result_P10_Hotspots.LAPTOP-151G032O is a local directory with FS type ID 61267
78 [127685836113792] INFO perfrun.launcher <> - create data directory = /home/liuxueer/projects/my-MPI-project/code2_4_1/vtune_result_P10_Hotspots.LAPTOP-151G032O/data.9
79 [127685836113792] INFO perfrun.launcher <> - Creating the master collection flag
79 [127685836113792] INFO perfrun.launcher <> - Done creating the master collection flag
80 [127685676230336] INFO perfrun.launcher <> - plugin [remoteplug] was disabled because it doesn't support the given collection type.
80 [127685676230336] INFO perfrun.sdk <> - Allocating TMU :/home/liuxueer/projects/my-MPI-project/code2_4_1/vtune_result_P10_Hotspots.LAPTOP-151G032O/data.9/systemcollector-80218-LAPTOP-151G032O.sc
80 [127685676230336] INFO perfrun.launcher <> - plugin [vdso] was disabled because it doesn't support the given collection type.
80 [127685676230336] INFO perfrun.launcher <> - plugin [ptracecollector] was disabled because it doesn't support the given collection type.
80 [127685676230336] INFO perfrun.launcher <> - plugin [gpu] was disabled because it doesn't support the given collection type.
80 [127685676230336] INFO perfrun.launcher <> - plugin [] was disabled because it doesn't support the given collection type.
80 [127685676230336] INFO perfrun.launcher <> - plugin [] was disabled because it doesn't support the given collection type.
80 [127685676230336] INFO perfrun.launcher <> - plugin [] was disabled because it doesn't support the given collection type.
80 [127685676230336] INFO perfrun.mrte <> - system-wide mode is 0
80 [127685676230336] INFO perfrun.mrte <> - Getting  mrte profiling environment ...
85 [127685676230336] INFO perfrun.mrte <> - INTEL_MRTE_DATA_DIR=/home/liuxueer/projects/my-MPI-project/code2_4_1/vtune_result_P10_Hotspots.LAPTOP-151G032O/data.9
85 [127685676230336] INFO perfrun.mrte <> - INTEL_MRTE_HOST_NAME=LAPTOP-151G032O
85 [127685676230336] INFO perfrun.mrte <> - JAVA_TOOL_OPTIONS=-agentlib:amplxe_samplingmrte_javaprof_1.0 -Dsun.boot.library.path=/opt/intel/oneapi/vtune/2025.7/lib32/runtime:/opt/intel/oneapi/vtune/2025.7/lib64/runtime
85 [127685676230336] INFO perfrun.mrte <> - LD_LIBRARY_PATH=/opt/intel/oneapi/vtune/2025.7/lib32/runtime:/opt/intel/oneapi/vtune/2025.7/lib64/runtime:/opt/intel/oneapi/tcm/1.4/lib:/opt/intel/oneapi/umf/1.0/lib:/opt/intel/oneapi/tbb/2022.3/env/../lib/intel64/gcc4.8:/opt/intel/oneapi/pti/0.13/lib:/opt/intel/oneapi/mpi/2021.17/opt/mpi/libfabric/lib:/opt/intel/oneapi/mpi/2021.17/lib:/opt/intel/oneapi/mkl/2025.3/lib:/opt/intel/oneapi/ishmem/1.5/lib:/opt/intel/oneapi/ippcp/2025.3/lib/:/opt/intel/oneapi/ipp/2022.3/lib:/opt/intel/oneapi/dnnl/2025.3/lib:/opt/intel/oneapi/debugger/2025.3/opt/debugger/lib:/opt/intel/oneapi/dal/2025.9/lib:/opt/intel/oneapi/compiler/2025.3/opt/compiler/lib:/opt/intel/oneapi/compiler/2025.3/lib:/opt/intel/oneapi/ccl/2021.17/lib/
85 [127685676230336] INFO perfrun.mrte <> - CORECLR_ENABLE_PROFILING=1
85 [127685676230336] INFO perfrun.mrte <> - CORECLR_PROFILER={AA5E4821-E3B1-479c-B7FF-5AD047D22CED}
85 [127685676230336] INFO perfrun.mrte <> - CORECLR_PROFILER_PATH=/opt/intel/oneapi/vtune/2025.7/lib64/libamplxe_samplingmrte_clrprof_1.0.so
85 [127685676230336] INFO perfrun.mrte <> - INTEL_MRTE_PROFILER_MODE=mixed
85 [127685676230336] INFO perfrun.mrte <> - Data directory: /home/liuxueer/projects/my-MPI-project/code2_4_1/vtune_result_P10_Hotspots.LAPTOP-151G032O/data.9
85 [127685676230336] INFO perfrun.mrte <> - Mrte plugin is initialized
85 [127685676230336] INFO perfrun.launcher <> - plugin [emon] was disabled because it doesn't support the given collection type.
85 [127685676230336] INFO perfrun.launcher <> - plugin [cuscol] was disabled because it doesn't support the given collection type.
85 [127685676230336] INFO perfrun.launcher <> - plugin [stdsrc] was disabled because it doesn't support the given collection type.
85 [127685676230336] INFO perfrun.launcher <> - plugin [sep] was disabled because it doesn't support the given collection type.
85 [127685676230336] INFO perfrun.launcher <> - plugin [vtsspp] was disabled because it doesn't support the given collection type.
85 [127685676230336] INFO perfrun.launcher <> - plugin [perf] was disabled because it doesn't support the given collection type.
85 [127685676230336] INFO perfrun.launcher <> - plugin [aoclprofile] was disabled because it doesn't support the given collection type.
85 [127685676230336] INFO perfrun.tpss <> - initialize tpss controller
85 [127685676230336] INFO perfrun.tpss <> - configure collection mode: value = cpu:counters:nostack
85 [127685676230336] INFO perfrun.tpss <> - configure collection mode: value = cpu:stack
85 [127685676230336] INFO perfrun.tpss <> - default obj-size-min=1024
85 [127685676230336] INFO perfrun.tpss <> - default hash-table-size=0
85 [127685676230336] INFO perfrun.launcher <> - plugin [media] was disabled because it doesn't support the given collection type.
85 [127685676230336] INFO perfrun.launcher <> - plugin [] was disabled because it doesn't support the given collection type.
85 [127685676230336] INFO perfrun.launcher <> - plugin [] was disabled because it doesn't support the given collection type.
85 [127685676230336] INFO perfrun.launcher <> - plugin [parallelfs] was disabled because it doesn't support the given collection type.
85 [127685676230336] INFO perfrun.launcher <> - plugin [power] was disabled because it doesn't support the given collection type.
85 [127685676230336] INFO perfrun.launcher <> - plugin [] was disabled because it doesn't support the given collection type.
85 [127685676230336] INFO perfrun.launcher <> - plugin [] was disabled because it doesn't support the given collection type.
85 [127685676230336] INFO perfrun.launcher <> - plugin [] was disabled because it doesn't support the given collection type.
85 [127685676230336] INFO perfrun.launcher <> - plugin [l0_metrics] was disabled because it doesn't support the given collection type.
85 [127685676230336] INFO perfrun.launcher <> - plugin [stall_reasons] was disabled because it doesn't support the given collection type.
85 [127685836113792] INFO perfrun.launcher <> - set environment variable: LD_LIBRARY_PATH = /opt/intel/oneapi/vtune/2025.7/lib32/runtime:/opt/intel/oneapi/vtune/2025.7/lib64/runtime:/opt/intel/oneapi/tcm/1.4/lib:/opt/intel/oneapi/umf/1.0/lib:/opt/intel/oneapi/tbb/2022.3/env/../lib/intel64/gcc4.8:/opt/intel/oneapi/pti/0.13/lib:/opt/intel/oneapi/mpi/2021.17/opt/mpi/libfabric/lib:/opt/intel/oneapi/mpi/2021.17/lib:/opt/intel/oneapi/mkl/2025.3/lib:/opt/intel/oneapi/ishmem/1.5/lib:/opt/intel/oneapi/ippcp/2025.3/lib/:/opt/intel/oneapi/ipp/2022.3/lib:/opt/intel/oneapi/dnnl/2025.3/lib:/opt/intel/oneapi/debugger/2025.3/opt/debugger/lib:/opt/intel/oneapi/dal/2025.9/lib:/opt/intel/oneapi/compiler/2025.3/opt/compiler/lib:/opt/intel/oneapi/compiler/2025.3/lib:/opt/intel/oneapi/ccl/2021.17/lib/
85 [127685836113792] INFO perfrun.launcher <> - set environment variable: INTEL_LIBITTNOTIFY32 = /opt/intel/oneapi/vtune/2025.7/lib32/runtime/libittnotify_collector.so
85 [127685836113792] INFO perfrun.launcher <> - set environment variable: INTEL_LIBITTNOTIFY64 = /opt/intel/oneapi/vtune/2025.7/lib64/runtime/libittnotify_collector.so
86 [127685836113792] INFO perfrun.launcher <> - set environment variable: INTEL_ITTNOTIFY_GROUPS = 
86 [127685836113792] INFO perfrun.launcher <> - set environment variable: INTEL_JIT_PROFILER32 = /opt/intel/oneapi/vtune/2025.7/lib32/runtime/libittnotify_collector.so
86 [127685836113792] INFO perfrun.launcher <> - set environment variable: INTEL_JIT_PROFILER64 = /opt/intel/oneapi/vtune/2025.7/lib64/runtime/libittnotify_collector.so
86 [127685836113792] INFO perfrun.launcher <> - set environment variable: CCL_ITT_LEVEL = 1
86 [127685836113792] INFO perfrun.launcher <> - set environment variable: ENABLE_JITPROFILING = 1
86 [127685836113792] INFO perfrun.launcher <> - set environment variable: CL_CONFIG_USE_VTUNE = True
86 [127685836113792] INFO perfrun.launcher <> - set environment variable: LD_PRELOAD = libittnotify_collector.so:
86 [127685836113792] INFO perfrun.launcher <> - set environment variable: KMP_FORKJOIN_FRAMES = 0
86 [127685836113792] INFO perfrun.launcher <> - set environment variable: KMP_FORKJOIN_FRAMES_MODE = 0
86 [127685836113792] INFO perfrun.launcher <> - set environment variable: INTEL_MRTE_DATA_DIR = /home/liuxueer/projects/my-MPI-project/code2_4_1/vtune_result_P10_Hotspots.LAPTOP-151G032O/data.9
86 [127685836113792] INFO perfrun.launcher <> - set environment variable: INTEL_MRTE_HOST_NAME = LAPTOP-151G032O
87 [127685836113792] INFO perfrun.launcher <> - set environment variable: JAVA_TOOL_OPTIONS = -agentlib:amplxe_samplingmrte_javaprof_1.0 -Dsun.boot.library.path=/opt/intel/oneapi/vtune/2025.7/lib32/runtime:/opt/intel/oneapi/vtune/2025.7/lib64/runtime
87 [127685836113792] INFO perfrun.launcher <> - set environment variable: LD_LIBRARY_PATH = /opt/intel/oneapi/vtune/2025.7/lib32/runtime:/opt/intel/oneapi/vtune/2025.7/lib64/runtime:/opt/intel/oneapi/tcm/1.4/lib:/opt/intel/oneapi/umf/1.0/lib:/opt/intel/oneapi/tbb/2022.3/env/../lib/intel64/gcc4.8:/opt/intel/oneapi/pti/0.13/lib:/opt/intel/oneapi/mpi/2021.17/opt/mpi/libfabric/lib:/opt/intel/oneapi/mpi/2021.17/lib:/opt/intel/oneapi/mkl/2025.3/lib:/opt/intel/oneapi/ishmem/1.5/lib:/opt/intel/oneapi/ippcp/2025.3/lib/:/opt/intel/oneapi/ipp/2022.3/lib:/opt/intel/oneapi/dnnl/2025.3/lib:/opt/intel/oneapi/debugger/2025.3/opt/debugger/lib:/opt/intel/oneapi/dal/2025.9/lib:/opt/intel/oneapi/compiler/2025.3/opt/compiler/lib:/opt/intel/oneapi/compiler/2025.3/lib:/opt/intel/oneapi/ccl/2021.17/lib/
87 [127685836113792] INFO perfrun.launcher <> - set environment variable: CORECLR_ENABLE_PROFILING = 1
87 [127685836113792] INFO perfrun.launcher <> - set environment variable: CORECLR_PROFILER = {AA5E4821-E3B1-479c-B7FF-5AD047D22CED}
87 [127685836113792] INFO perfrun.launcher <> - set environment variable: CORECLR_PROFILER_PATH = /opt/intel/oneapi/vtune/2025.7/lib64/libamplxe_samplingmrte_clrprof_1.0.so
87 [127685836113792] INFO perfrun.launcher <> - set environment variable: INTEL_MRTE_PROFILER_MODE = mixed
87 [127685836113792] INFO perfrun.launcher <> - RpcServer: run RPC server to handle requests
87 [127685836113792] INFO perfrun.launcher <> - Launcher: command line to start before modification = ./program 5000 5000
88 [127685836113792] INFO perfrun.launcher <> - Launcher: command line to start after modification = /opt/intel/oneapi/vtune/2025.7/bin64/pin -error_file /home/liuxueer/projects/my-MPI-project/code2_4_1/vtune_result_P10_Hotspots.LAPTOP-151G032O/data.9/pinerr.tpsslog -detach_reattach -follow_execv -tool_load_option deepbind -t64 /opt/intel/oneapi/vtune/2025.7/lib64/libtpsstool.so -t /opt/intel/oneapi/vtune/2025.7/lib32/libtpsstool.so -server_name tpss_ipc.80218 -prd_dir /opt/intel/oneapi/vtune/2025.7 -- ./program 5000 5000
188 [127685836113792] INFO perfrun.launcher <> - ProcessCreator object was created
188 [127685836113792] INFO perfrun.launcher <> - Launcher: the process was started in suspend mode
189 [127685676230336] WARN perfrun.system <> - Could not do anything with /sys/kernel/debug/kvm: boost::filesystem::status: Permission denied [system:13]: "/sys/kernel/debug/kvm", at file: vcs/perfrun1/plugins/system/src/trace_writer.cpp:791
189 [127685676230336] WARN perfrun.system <> - Folder "/var/run/libvirt/qemu/"doesn't exist, at file: vcs/perfrun1/plugins/system/src/trace_writer.cpp:804
190 [127685676230336] INFO perfrun.itt <> - start itt controller for pid #80263
190 [127685676230336] INFO perfrun.tpss <> - start tpss controller for pid #80263
240 [127685836113792] INFO perfrun.launcher <> - Launcher: all plugins were started
240 [127685836113792] INFO perfrun.launcher <> - DirectoryMonitor object was created
240 [127685836113792] INFO perfrun.launcher <> - DirectoryMonitor: a callback was added
240 [127685836113792] INFO perfrun.launcher <> - DirectoryMonitor was started with pingTime = 1000
240 [127685836113792] INFO perfrun.launcher <> - DeadlineTimer is going to be constructed
241 [127685836113792] INFO perfrun.launcher <> - DeadlineTimer: a callback was added
242 [127685836113792] INFO perfrun.launcher <> - Launcher: resume the profiled application and  wait its termination or stop command
3069 [127685836113792] INFO perfrun.launcher <> - Launcher: the profiled application was terminated  with exit code = 0
3110 [127685676230336] INFO perfrun.itt <> - detach itt controller
3110 [127685676230336] INFO perfrun.itt <> - detach itt controller done
3110 [127685676230336] INFO perfrun.tpss <> - stop tpss controller
3112 [127685676230336] INFO perfrun.sdk <> - De-allocating TMU: /home/liuxueer/projects/my-MPI-project/code2_4_1/vtune_result_P10_Hotspots.LAPTOP-151G032O/data.9/systemcollector-80218-LAPTOP-151G032O.sc
3112 [127685676230336] INFO perfrun.system <> - closed the system trace file: /home/liuxueer/projects/my-MPI-project/code2_4_1/vtune_result_P10_Hotspots.LAPTOP-151G032O/data.9/systemcollector-80218-LAPTOP-151G032O.sc
3112 [127685836113792] INFO perfrun.launcher <> - Launcher: all plugins were stopped.
3112 [127685836113792] INFO perfrun.launcher <> - DeadlineTimer is going to be destroyed
3112 [127685836113792] INFO perfrun.launcher <> - DeadlineTimer was destroyed
3112 [127685836113792] INFO perfrun.launcher <> - DirectoryMonitor object was destroyed
3112 [127685836113792] WARN perfrun.launcher <> - Stop command is ignored because it is received when collection is already stopped, at file: vcs/perfrun1/launcher/src/command_handler.cpp:226
3113 [127685836113792] INFO perfrun.launcher <> - Application exit code: 0
3113 [127685836113792] INFO perfrun.launcher <> - Exit code: 0
