1 [139897160886592] INFO perfrun.launcher <> - Launcher main begin
2 [139897160886592] INFO perfrun.launcher <> - MessageCatalogInit finished
2 [139897160886592] INFO perfrun.launcher <> - Launcher instance created
2 [139897160886592] INFO perfrun.launcher <> - argc = 6; cmdline = /opt/intel/oneapi/vtune/2025.7/bin64/amplxe-runss -dump-vdso -r /home/liuxueer/projects/my-MPI-project/code2_4_1/vtune_result_P10_Hotspots.LAPTOP-151G032O --tmp-dir /tmp/amplxe-tmp-liuxueer 
24 [139897160886592] INFO perfrun.perfcollector <> - SEP tool path: /opt/intel/oneapi/vtune/2025.7/bin64/sep
34 [139897160886592] INFO perfrun.launcher <> - create msngr2::ICliToolContext
35 [139897160886592] INFO perfrun.launcher <> - create file finder object
35 [139896995964608] INFO perfrun.launcher <> - plugin [remoteplug] was disabled because it doesn't support the given collection type.
35 [139896995964608] INFO perfrun.launcher <> - plugin [system] was disabled because it doesn't support the given collection type.
35 [139896995964608] INFO perfrun.vdso <> - dumping [vdso] pseudomodule
37 [139896995964608] INFO perfrun.launcher <> - plugin [itt] was disabled because it doesn't support the given collection type.
37 [139896995964608] INFO perfrun.launcher <> - plugin [ptracecollector] was disabled because it doesn't support the given collection type.
37 [139896995964608] INFO perfrun.launcher <> - plugin [gpu] was disabled because it doesn't support the given collection type.
37 [139896995964608] INFO perfrun.launcher <> - plugin [] was disabled because it doesn't support the given collection type.
37 [139896995964608] INFO perfrun.launcher <> - plugin [] was disabled because it doesn't support the given collection type.
37 [139896995964608] INFO perfrun.launcher <> - plugin [] was disabled because it doesn't support the given collection type.
37 [139896995964608] INFO perfrun.launcher <> - plugin [mrte] was disabled because it doesn't support the given collection type.
37 [139896995964608] INFO perfrun.launcher <> - plugin [emon] was disabled because it doesn't support the given collection type.
37 [139896995964608] INFO perfrun.launcher <> - plugin [cuscol] was disabled because it doesn't support the given collection type.
37 [139896995964608] INFO perfrun.launcher <> - plugin [stdsrc] was disabled because it doesn't support the given collection type.
37 [139896995964608] INFO perfrun.launcher <> - plugin [sep] was disabled because it doesn't support the given collection type.
37 [139896995964608] INFO perfrun.launcher <> - plugin [vtsspp] was disabled because it doesn't support the given collection type.
37 [139896995964608] INFO perfrun.launcher <> - plugin [perf] was disabled because it doesn't support the given collection type.
37 [139896995964608] INFO perfrun.launcher <> - plugin [aoclprofile] was disabled because it doesn't support the given collection type.
37 [139896995964608] INFO perfrun.launcher <> - plugin [tpss] was disabled because it doesn't support the given collection type.
37 [139896995964608] INFO perfrun.launcher <> - plugin [media] was disabled because it doesn't support the given collection type.
37 [139896995964608] INFO perfrun.launcher <> - plugin [] was disabled because it doesn't support the given collection type.
37 [139896995964608] INFO perfrun.launcher <> - plugin [] was disabled because it doesn't support the given collection type.
37 [139896995964608] INFO perfrun.launcher <> - plugin [parallelfs] was disabled because it doesn't support the given collection type.
37 [139896995964608] INFO perfrun.launcher <> - plugin [power] was disabled because it doesn't support the given collection type.
37 [139896995964608] INFO perfrun.launcher <> - plugin [] was disabled because it doesn't support the given collection type.
37 [139896995964608] INFO perfrun.launcher <> - plugin [] was disabled because it doesn't support the given collection type.
37 [139896995964608] INFO perfrun.launcher <> - plugin [] was disabled because it doesn't support the given collection type.
37 [139896995964608] INFO perfrun.launcher <> - plugin [l0_metrics] was disabled because it doesn't support the given collection type.
37 [139896995964608] INFO perfrun.launcher <> - plugin [stall_reasons] was disabled because it doesn't support the given collection type.
37 [139897160886592] INFO perfrun.launcher <> - Application exit code: 0
37 [139897160886592] INFO perfrun.launcher <> - Exit code: 0
