0 [137880901457792] INFO perfrun.launcher <> - Launcher main begin
1 [137880901457792] INFO perfrun.launcher <> - MessageCatalogInit finished
1 [137880901457792] INFO perfrun.launcher <> - Launcher instance created
1 [137880901457792] INFO perfrun.launcher <> - argc = 7; cmdline = /opt/intel/oneapi/vtune/2025.7/bin64/amplxe-runss --ui-output-format xml --ui-output-fd 10 --option-file /home/liuxueer/projects/my-MPI-project/code2_4_1/vtune_result_P10_Hotspots.LAPTOP-151G032O/config/runss.options.4 
50 [137880901457792] INFO perfrun.perfcollector <> - SEP tool path: /opt/intel/oneapi/vtune/2025.7/bin64/sep
73 [137880901457792] INFO perfrun.launcher <> - create msngr2::ICliToolContext
74 [137880901457792] INFO perfrun.launcher <> - create file finder object
74 [137880901457792] INFO perfrun.launcher <> - create a result directory: pattern = /home/liuxueer/projects/my-MPI-project/code2_4_1/vtune_result_P10_Hotspots.LAPTOP-151G032O pid = 4294967295
75 [137880901457792] INFO perfrun.sdk <> - checked that the directory /home/liuxueer/projects/my-MPI-project/code2_4_1/vtune_result_P10_Hotspots.LAPTOP-151G032O is a local directory
75 [137880901457792] INFO perfrun.sdk <> - the directory /home/liuxueer/projects/my-MPI-project/code2_4_1/vtune_result_P10_Hotspots.LAPTOP-151G032O is a local directory with FS type ID 61267
76 [137880901457792] INFO perfrun.launcher <> - create data directory = /home/liuxueer/projects/my-MPI-project/code2_4_1/vtune_result_P10_Hotspots.LAPTOP-151G032O/data.4
76 [137880901457792] INFO perfrun.launcher <> - Creating the master collection flag
76 [137880901457792] INFO perfrun.launcher <> - Done creating the master collection flag
77 [137880741603008] INFO perfrun.launcher <> - plugin [remoteplug] was disabled because it doesn't support the given collection type.
77 [137880741603008] INFO perfrun.sdk <> - Allocating TMU :/home/liuxueer/projects/my-MPI-project/code2_4_1/vtune_result_P10_Hotspots.LAPTOP-151G032O/data.4/systemcollector-80197-LAPTOP-151G032O.sc
77 [137880741603008] INFO perfrun.launcher <> - plugin [vdso] was disabled because it doesn't support the given collection type.
77 [137880741603008] INFO perfrun.launcher <> - plugin [ptracecollector] was disabled because it doesn't support the given collection type.
77 [137880741603008] INFO perfrun.launcher <> - plugin [gpu] was disabled because it doesn't support the given collection type.
77 [137880741603008] INFO perfrun.launcher <> - plugin [] was disabled because it doesn't support the given collection type.
77 [137880741603008] INFO perfrun.launcher <> - plugin [] was disabled because it doesn't support the given collection type.
77 [137880741603008] INFO perfrun.launcher <> - plugin [] was disabled because it doesn't support the given collection type.
77 [137880741603008] INFO perfrun.mrte <> - system-wide mode is 0
77 [137880741603008] INFO perfrun.mrte <> - Getting  mrte profiling environment ...
83 [137880741603008] INFO perfrun.mrte <> - INTEL_MRTE_DATA_DIR=/home/liuxueer/projects/my-MPI-project/code2_4_1/vtune_result_P10_Hotspots.LAPTOP-151G032O/data.4
83 [137880741603008] INFO perfrun.mrte <> - INTEL_MRTE_HOST_NAME=LAPTOP-151G032O
83 [137880741603008] INFO perfrun.mrte <> - JAVA_TOOL_OPTIONS=-agentlib:amplxe_samplingmrte_javaprof_1.0 -Dsun.boot.library.path=/opt/intel/oneapi/vtune/2025.7/lib32/runtime:/opt/intel/oneapi/vtune/2025.7/lib64/runtime
83 [137880741603008] INFO perfrun.mrte <> - LD_LIBRARY_PATH=/opt/intel/oneapi/vtune/2025.7/lib32/runtime:/opt/intel/oneapi/vtune/2025.7/lib64/runtime:/opt/intel/oneapi/tcm/1.4/lib:/opt/intel/oneapi/umf/1.0/lib:/opt/intel/oneapi/tbb/2022.3/env/../lib/intel64/gcc4.8:/opt/intel/oneapi/pti/0.13/lib:/opt/intel/oneapi/mpi/2021.17/opt/mpi/libfabric/lib:/opt/intel/oneapi/mpi/2021.17/lib:/opt/intel/oneapi/mkl/2025.3/lib:/opt/intel/oneapi/ishmem/1.5/lib:/opt/intel/oneapi/ippcp/2025.3/lib/:/opt/intel/oneapi/ipp/2022.3/lib:/opt/intel/oneapi/dnnl/2025.3/lib:/opt/intel/oneapi/debugger/2025.3/opt/debugger/lib:/opt/intel/oneapi/dal/2025.9/lib:/opt/intel/oneapi/compiler/2025.3/opt/compiler/lib:/opt/intel/oneapi/compiler/2025.3/lib:/opt/intel/oneapi/ccl/2021.17/lib/
83 [137880741603008] INFO perfrun.mrte <> - CORECLR_ENABLE_PROFILING=1
83 [137880741603008] INFO perfrun.mrte <> - CORECLR_PROFILER={AA5E4821-E3B1-479c-B7FF-5AD047D22CED}
83 [137880741603008] INFO perfrun.mrte <> - CORECLR_PROFILER_PATH=/opt/intel/oneapi/vtune/2025.7/lib64/libamplxe_samplingmrte_clrprof_1.0.so
83 [137880741603008] INFO perfrun.mrte <> - INTEL_MRTE_PROFILER_MODE=mixed
83 [137880741603008] INFO perfrun.mrte <> - Data directory: /home/liuxueer/projects/my-MPI-project/code2_4_1/vtune_result_P10_Hotspots.LAPTOP-151G032O/data.4
83 [137880741603008] INFO perfrun.mrte <> - Mrte plugin is initialized
83 [137880741603008] INFO perfrun.launcher <> - plugin [emon] was disabled because it doesn't support the given collection type.
83 [137880741603008] INFO perfrun.launcher <> - plugin [cuscol] was disabled because it doesn't support the given collection type.
83 [137880741603008] INFO perfrun.launcher <> - plugin [stdsrc] was disabled because it doesn't support the given collection type.
83 [137880741603008] INFO perfrun.launcher <> - plugin [sep] was disabled because it doesn't support the given collection type.
83 [137880741603008] INFO perfrun.launcher <> - plugin [vtsspp] was disabled because it doesn't support the given collection type.
83 [137880741603008] INFO perfrun.launcher <> - plugin [perf] was disabled because it doesn't support the given collection type.
83 [137880741603008] INFO perfrun.launcher <> - plugin [aoclprofile] was disabled because it doesn't support the given collection type.
83 [137880741603008] INFO perfrun.tpss <> - initialize tpss controller
83 [137880741603008] INFO perfrun.tpss <> - configure collection mode: value = cpu:counters:nostack
83 [137880741603008] INFO perfrun.tpss <> - configure collection mode: value = cpu:stack
83 [137880741603008] INFO perfrun.tpss <> - default obj-size-min=1024
83 [137880741603008] INFO perfrun.tpss <> - default hash-table-size=0
83 [137880741603008] INFO perfrun.launcher <> - plugin [media] was disabled because it doesn't support the given collection type.
83 [137880741603008] INFO perfrun.launcher <> - plugin [] was disabled because it doesn't support the given collection type.
83 [137880741603008] INFO perfrun.launcher <> - plugin [] was disabled because it doesn't support the given collection type.
83 [137880741603008] INFO perfrun.launcher <> - plugin [parallelfs] was disabled because it doesn't support the given collection type.
83 [137880741603008] INFO perfrun.launcher <> - plugin [power] was disabled because it doesn't support the given collection type.
83 [137880741603008] INFO perfrun.launcher <> - plugin [] was disabled because it doesn't support the given collection type.
83 [137880741603008] INFO perfrun.launcher <> - plugin [] was disabled because it doesn't support the given collection type.
83 [137880741603008] INFO perfrun.launcher <> - plugin [] was disabled because it doesn't support the given collection type.
83 [137880741603008] INFO perfrun.launcher <> - plugin [l0_metrics] was disabled because it doesn't support the given collection type.
83 [137880741603008] INFO perfrun.launcher <> - plugin [stall_reasons] was disabled because it doesn't support the given collection type.
84 [137880901457792] INFO perfrun.launcher <> - set environment variable: LD_LIBRARY_PATH = /opt/intel/oneapi/vtune/2025.7/lib32/runtime:/opt/intel/oneapi/vtune/2025.7/lib64/runtime:/opt/intel/oneapi/tcm/1.4/lib:/opt/intel/oneapi/umf/1.0/lib:/opt/intel/oneapi/tbb/2022.3/env/../lib/intel64/gcc4.8:/opt/intel/oneapi/pti/0.13/lib:/opt/intel/oneapi/mpi/2021.17/opt/mpi/libfabric/lib:/opt/intel/oneapi/mpi/2021.17/lib:/opt/intel/oneapi/mkl/2025.3/lib:/opt/intel/oneapi/ishmem/1.5/lib:/opt/intel/oneapi/ippcp/2025.3/lib/:/opt/intel/oneapi/ipp/2022.3/lib:/opt/intel/oneapi/dnnl/2025.3/lib:/opt/intel/oneapi/debugger/2025.3/opt/debugger/lib:/opt/intel/oneapi/dal/2025.9/lib:/opt/intel/oneapi/compiler/2025.3/opt/compiler/lib:/opt/intel/oneapi/compiler/2025.3/lib:/opt/intel/oneapi/ccl/2021.17/lib/
84 [137880901457792] INFO perfrun.launcher <> - set environment variable: INTEL_LIBITTNOTIFY32 = /opt/intel/oneapi/vtune/2025.7/lib32/runtime/libittnotify_collector.so
84 [137880901457792] INFO perfrun.launcher <> - set environment variable: INTEL_LIBITTNOTIFY64 = /opt/intel/oneapi/vtune/2025.7/lib64/runtime/libittnotify_collector.so
84 [137880901457792] INFO perfrun.launcher <> - set environment variable: INTEL_ITTNOTIFY_GROUPS = 
84 [137880901457792] INFO perfrun.launcher <> - set environment variable: INTEL_JIT_PROFILER32 = /opt/intel/oneapi/vtune/2025.7/lib32/runtime/libittnotify_collector.so
85 [137880901457792] INFO perfrun.launcher <> - set environment variable: INTEL_JIT_PROFILER64 = /opt/intel/oneapi/vtune/2025.7/lib64/runtime/libittnotify_collector.so
85 [137880901457792] INFO perfrun.launcher <> - set environment variable: CCL_ITT_LEVEL = 1
85 [137880901457792] INFO perfrun.launcher <> - set environment variable: ENABLE_JITPROFILING = 1
85 [137880901457792] INFO perfrun.launcher <> - set environment variable: CL_CONFIG_USE_VTUNE = True
85 [137880901457792] INFO perfrun.launcher <> - set environment variable: LD_PRELOAD = libittnotify_collector.so:
86 [137880901457792] INFO perfrun.launcher <> - set environment variable: KMP_FORKJOIN_FRAMES = 0
86 [137880901457792] INFO perfrun.launcher <> - set environment variable: KMP_FORKJOIN_FRAMES_MODE = 0
86 [137880901457792] INFO perfrun.launcher <> - set environment variable: INTEL_MRTE_DATA_DIR = /home/liuxueer/projects/my-MPI-project/code2_4_1/vtune_result_P10_Hotspots.LAPTOP-151G032O/data.4
86 [137880901457792] INFO perfrun.launcher <> - set environment variable: INTEL_MRTE_HOST_NAME = LAPTOP-151G032O
86 [137880901457792] INFO perfrun.launcher <> - set environment variable: JAVA_TOOL_OPTIONS = -agentlib:amplxe_samplingmrte_javaprof_1.0 -Dsun.boot.library.path=/opt/intel/oneapi/vtune/2025.7/lib32/runtime:/opt/intel/oneapi/vtune/2025.7/lib64/runtime
86 [137880901457792] INFO perfrun.launcher <> - set environment variable: LD_LIBRARY_PATH = /opt/intel/oneapi/vtune/2025.7/lib32/runtime:/opt/intel/oneapi/vtune/2025.7/lib64/runtime:/opt/intel/oneapi/tcm/1.4/lib:/opt/intel/oneapi/umf/1.0/lib:/opt/intel/oneapi/tbb/2022.3/env/../lib/intel64/gcc4.8:/opt/intel/oneapi/pti/0.13/lib:/opt/intel/oneapi/mpi/2021.17/opt/mpi/libfabric/lib:/opt/intel/oneapi/mpi/2021.17/lib:/opt/intel/oneapi/mkl/2025.3/lib:/opt/intel/oneapi/ishmem/1.5/lib:/opt/intel/oneapi/ippcp/2025.3/lib/:/opt/intel/oneapi/ipp/2022.3/lib:/opt/intel/oneapi/dnnl/2025.3/lib:/opt/intel/oneapi/debugger/2025.3/opt/debugger/lib:/opt/intel/oneapi/dal/2025.9/lib:/opt/intel/oneapi/compiler/2025.3/opt/compiler/lib:/opt/intel/oneapi/compiler/2025.3/lib:/opt/intel/oneapi/ccl/2021.17/lib/
87 [137880901457792] INFO perfrun.launcher <> - set environment variable: CORECLR_ENABLE_PROFILING = 1
87 [137880901457792] INFO perfrun.launcher <> - set environment variable: CORECLR_PROFILER = {AA5E4821-E3B1-479c-B7FF-5AD047D22CED}
87 [137880901457792] INFO perfrun.launcher <> - set environment variable: CORECLR_PROFILER_PATH = /opt/intel/oneapi/vtune/2025.7/lib64/libamplxe_samplingmrte_clrprof_1.0.so
87 [137880901457792] INFO perfrun.launcher <> - set environment variable: INTEL_MRTE_PROFILER_MODE = mixed
87 [137880901457792] INFO perfrun.launcher <> - RpcServer: run RPC server to handle requests
88 [137880901457792] INFO perfrun.launcher <> - Launcher: command line to start before modification = ./program 5000 5000
88 [137880901457792] INFO perfrun.launcher <> - Launcher: command line to start after modification = /opt/intel/oneapi/vtune/2025.7/bin64/pin -error_file /home/liuxueer/projects/my-MPI-project/code2_4_1/vtune_result_P10_Hotspots.LAPTOP-151G032O/data.4/pinerr.tpsslog -detach_reattach -follow_execv -tool_load_option deepbind -t64 /opt/intel/oneapi/vtune/2025.7/lib64/libtpsstool.so -t /opt/intel/oneapi/vtune/2025.7/lib32/libtpsstool.so -server_name tpss_ipc.80197 -prd_dir /opt/intel/oneapi/vtune/2025.7 -- ./program 5000 5000
288 [137880901457792] INFO perfrun.launcher <> - ProcessCreator object was created
289 [137880901457792] INFO perfrun.launcher <> - Launcher: the process was started in suspend mode
291 [137880741603008] WARN perfrun.system <> - Could not do anything with /sys/kernel/debug/kvm: boost::filesystem::status: Permission denied [system:13]: "/sys/kernel/debug/kvm", at file: vcs/perfrun1/plugins/system/src/trace_writer.cpp:791
291 [137880741603008] WARN perfrun.system <> - Folder "/var/run/libvirt/qemu/"doesn't exist, at file: vcs/perfrun1/plugins/system/src/trace_writer.cpp:804
292 [137880741603008] INFO perfrun.itt <> - start itt controller for pid #80290
292 [137880741603008] INFO perfrun.tpss <> - start tpss controller for pid #80290
343 [137880901457792] INFO perfrun.launcher <> - Launcher: all plugins were started
344 [137880901457792] INFO perfrun.launcher <> - DirectoryMonitor object was created
344 [137880901457792] INFO perfrun.launcher <> - DirectoryMonitor: a callback was added
344 [137880901457792] INFO perfrun.launcher <> - DirectoryMonitor was started with pingTime = 1000
344 [137880901457792] INFO perfrun.launcher <> - DeadlineTimer is going to be constructed
344 [137880901457792] INFO perfrun.launcher <> - DeadlineTimer: a callback was added
346 [137880901457792] INFO perfrun.launcher <> - Launcher: resume the profiled application and  wait its termination or stop command
3098 [137880901457792] INFO perfrun.launcher <> - Launcher: the profiled application was terminated  with exit code = 0
3134 [137880741603008] INFO perfrun.itt <> - detach itt controller
3134 [137880741603008] INFO perfrun.itt <> - detach itt controller done
3134 [137880741603008] INFO perfrun.tpss <> - stop tpss controller
3135 [137880741603008] INFO perfrun.sdk <> - De-allocating TMU: /home/liuxueer/projects/my-MPI-project/code2_4_1/vtune_result_P10_Hotspots.LAPTOP-151G032O/data.4/systemcollector-80197-LAPTOP-151G032O.sc
3135 [137880741603008] INFO perfrun.system <> - closed the system trace file: /home/liuxueer/projects/my-MPI-project/code2_4_1/vtune_result_P10_Hotspots.LAPTOP-151G032O/data.4/systemcollector-80197-LAPTOP-151G032O.sc
3135 [137880901457792] INFO perfrun.launcher <> - Launcher: all plugins were stopped.
3135 [137880901457792] INFO perfrun.launcher <> - DeadlineTimer is going to be destroyed
3135 [137880901457792] INFO perfrun.launcher <> - DeadlineTimer was destroyed
3135 [137880901457792] INFO perfrun.launcher <> - DirectoryMonitor object was destroyed
3135 [137880901457792] WARN perfrun.launcher <> - Stop command is ignored because it is received when collection is already stopped, at file: vcs/perfrun1/launcher/src/command_handler.cpp:226
3135 [137880901457792] INFO perfrun.launcher <> - Application exit code: 0
3135 [137880901457792] INFO perfrun.launcher <> - Exit code: 0
